<?xml version="1.0" encoding="UTF-8"?>
<!-- Generated by org.testng.reporters.JUnitReportReporter -->
<testsuite hostname="DESKTOP-SFSP9SU" failures="0" tests="2" name="com.test.WingTest" time="12.739" errors="0" timestamp="2023-01-06T17:33:21 IST" skipped="0">
  <testcase classname="com.test.WingTest" name="loginTest" time="9.531"/>
  <system-out/>
  <testcase classname="com.test.WingTest" name="VerifyAmmountTest" time="3.208"/>
  <system-out/>
</testsuite> <!-- com.test.WingTest -->
